<?xml version="1.0" encoding="UTF-8"?>
<!-- Generated by org.testng.reporters.JUnitReportReporter -->
<testsuite hostname="DESKTOP-9SUGI9S" failures="0" tests="3" name="tests.MainClass" time="181.278" errors="0" timestamp="02 Aug 2021 05:59:13 GMT" skipped="0">
  <testcase classname="tests.MainClass" name="disablePopUpScreen" time="1.361"/>
  <testcase classname="tests.MainClass" name="market" time="142.881"/>
  <testcase classname="tests.MainClass" name="signUp" time="37.036"/>
</testsuite> <!-- tests.MainClass -->
